Arguments: 
  /Users/liujun/.nvm/versions/node/v16.14.0/bin/node /Users/liujun/.nvm/versions/node/v16.14.0/bin/yarn

PATH: 
  /Users/liujun/anaconda3/bin:/Users/liujun/bin:/usr/local/bin:/Users/liujun/.nvm/versions/node/v16.14.0/bin:/Users/liujun/.bun/bin:“/usr/local/opt/node@10/bin:/opt/homebrew/bin:/opt/homebrew/sbin:/usr/local/bin:/System/Cryptexes/App/usr/bin:/usr/bin:/bin:/usr/sbin:/sbin:/Library/Apple/usr/bin”’

Yarn version: 
  1.22.19

Node version: 
  16.14.0

Platform: 
  darwin arm64

Trace: 
  Error: https://registry.yarnpkg.com/@ctrl/tinycolor/-/tinycolor-3.6.1.tgz: ETIMEDOUT
      at Timeout._onTimeout (/Users/liujun/.nvm/versions/node/v16.14.0/lib/node_modules/yarn/lib/cli.js:141550:19)
      at listOnTimeout (node:internal/timers:559:17)
      at processTimers (node:internal/timers:502:7)

npm manifest: 
  {
    "name": "db-gpt-web",
    "version": "0.1.0",
    "private": true,
    "scripts": {
      "start": "next start",
      "dev": "next dev",
      "build": "next build",
      "build:prod": "APP_ENV=prod next build",
      "lint": "next lint",
      "export": "next export",
      "compile": "next build && next export"
    },
    "dependencies": {
      "@ant-design/icons": "^5.2.5",
      "@antv/ava": "3.2.1-beta.1",
      "@antv/g2": "^5.1.8",
      "@antv/s2": "^1.51.2",
      "@berryv/g2-react": "^0.1.0",
      "@microsoft/fetch-event-source": "^2.0.1",
      "@monaco-editor/react": "^4.5.2",
      "@mui/icons-material": "^5.11.16",
      "@mui/joy": "5.0.0-beta.5",
      "ahooks": "^3.7.8",
      "antd": "^5.6.2",
      "axios": "^1.3.4",
      "classnames": "^2.3.2",
      "copy-to-clipboard": "^3.3.3",
      "i18next": "^23.4.5",
      "lodash": "^4.17.21",
      "moment": "^2.29.4",
      "next": "13.4.7",
      "next-auth": "^4.20.1",
      "nprogress": "^0.2.0",
      "react": "18.2.0",
      "react-dom": "^18.2.0",
      "react-i18next": "^13.2.0",
      "react-markdown": "^8.0.7",
      "react-syntax-highlighter": "^15.5.0",
      "rehype-raw": "6.1.1",
      "sql-formatter": "^12.2.4",
      "tailwindcss": "3.3.2",
      "tailwindcss-animated": "^1.0.1",
      "typescript": "5.1.3"
    },
    "devDependencies": {
      "@types/lodash": "^4.14.195",
      "@types/node": "20.5.7",
      "@types/nprogress": "^0.2.0",
      "@types/react": "18.2.14",
      "@types/react-dom": "18.2.6",
      "@types/react-syntax-highlighter": "^15.5.7",
      "autoprefixer": "10.4.14",
      "eslint": "8.43.0",
      "eslint-config-next": "13.4.7"
    },
    "description": "DB-GPT WebUI",
    "main": "next.config.js",
    "directories": {
      "lib": "lib"
    },
    "author": "",
    "license": "ISC",
    "repository": "https://github.com/eosphoros-ai/DB-GPT-Web.git"
  }

yarn manifest: 
  No manifest

Lockfile: 
  No lockfile
